<?xml version="1.0" encoding="UTF-8"?>
<!-- Generated by org.testng.reporters.JUnitReportReporter -->
<testsuite hostname="Sharma-Ji-ka-Ladka.local" name="com.pilvo.quickfuseapp.PageFactoryClass" tests="1" failures="0" timestamp="21 Aug 2019 17:27:24 GMT" time="82.972" errors="0">
  <testcase name="createNewApp" time="82.972" classname="com.pilvo.quickfuseapp.PageFactoryClass"/>
</testsuite> <!-- com.pilvo.quickfuseapp.PageFactoryClass -->
